 * Restarting DNS forwarder and DHCP server dnsmasq
   ...done.
[Modelarts Service Log]user: uid=1101(work) gid=1101(work) groups=1101(work)
[Modelarts Service Log]pwd: /home/work
[Modelarts Service Log]app_url: s3://xyz--001/code/src/
[Modelarts Service Log]boot_file: src/run.py
[Modelarts Service Log]log_url: /tmp/log/xyz_1127_1.log
[Modelarts Service Log]command: src/run.py --data_url=s3://xyz--001/dataset-xianpic/train_data/train_data/ --num_classes=54 --deploy_script_path=s3://xyz--001/code/src/deploy_scripts/ --max_epochs=6 --train_url=s3://xyz--001/model-test/
[Modelarts Service Log]MODELARTS_IPOIB_DEVICE: 
[Modelarts Service Log]dependencies_file_dir: /home/work/user-job-dir/src
[Modelarts Service Log][modelarts_create_log] modelarts-pipe found
INFO:root:Using MoXing-v1.14.0-c5b88128
INFO:root:Using OBS-Python-SDK-3.1.2
[ModelArts Service Log]2019-11-27 09:53:03,746 - modelarts-downloader.py[line:547] - INFO: Main: modelarts-downloader starting with Namespace(dst='./', recursive=True, src='s3://xyz--001/code/src/', trace=False, verbose=False)
/home/work/user-job-dir
[Modelarts Service Log][modelarts_logger] modelarts-pipe found
INFO:root:Using MoXing-v1.14.0-c5b88128
INFO:root:Using OBS-Python-SDK-3.1.2
INFO:root:Listing OBS: 1000
INFO:root:Listing OBS: 2000
INFO:root:Listing OBS: 3000
INFO:root:Listing OBS: 4000
INFO:root:Listing OBS: 5000
INFO:root:Listing OBS: 6000
INFO:root:Listing OBS: 7000
INFO:root:pid: None.	1000/7462
INFO:root:pid: None.	2000/7462
INFO:root:pid: None.	3000/7462
INFO:root:pid: None.	4000/7462
INFO:root:pid: None.	5000/7462
INFO:root:pid: None.	6000/7462
INFO:root:pid: None.	7000/7462
Using TensorFlow backend.
['/cache/train_data/img_329.jpg' '/cache/train_data/img_2269.jpg'
 '/cache/train_data/img_1234.jpg' ... '/cache/train_data/img_2334.jpg'
 '/cache/train_data/img_735.jpg' '/cache/train_data/img_546.jpg']
total samples: 3731, training samples: 3231, validation samples: 500
WARNING:tensorflow:From /home/work/anaconda3/lib/python3.6/site-packages/tensorflow/python/framework/op_def_library.py:263: colocate_with (from tensorflow.python.framework.ops) is deprecated and will be removed in a future version.
Instructions for updating:
Colocations handled automatically by placer.
2019-11-27 09:53:21.859566: I tensorflow/core/platform/cpu_feature_guard.cc:141] Your CPU supports instructions that this TensorFlow binary was not compiled to use: AVX2 AVX512F FMA
2019-11-27 09:53:21.866276: I tensorflow/core/platform/profile_utils/cpu_utils.cc:94] CPU Frequency: 3000000000 Hz
2019-11-27 09:53:21.868164: I tensorflow/compiler/xla/service/service.cc:150] XLA service 0x563bbaa64670 executing computations on platform Host. Devices:
2019-11-27 09:53:21.868206: I tensorflow/compiler/xla/service/service.cc:158]   StreamExecutor device (0): <undefined>, <undefined>
/cache/user-job-dir/src/models/resnet50.py:643: UserWarning: The output shape of `ResNet50(include_top=False)` has been changed since Keras 2.2.0.
  warnings.warn('The output shape of `ResNet50(include_top=False)` '
Downloading data from https://ma-competitions-bj4.obs.cn-north-4.myhuaweicloud.com:443/model_zoo/tensorflow/resnet/resnet50_weights_tf_dim_ordering_tf_kernels_notop.h5

    8192/94653016 [..............................] - ETA: 1s
 2605056/94653016 [..............................] - ETA: 2s
 8380416/94653016 [=>............................] - ETA: 1s
16769024/94653016 [====>.........................] - ETA: 0s
22224896/94653016 [======>.......................] - ETA: 0s
36159488/94653016 [==========>...................] - ETA: 0s
49684480/94653016 [==============>...............] - ETA: 0s
62570496/94653016 [==================>...........] - ETA: 0s
63938560/94653016 [===================>..........] - ETA: 0s
77938688/94653016 [=======================>......] - ETA: 0s
92258304/94653016 [============================>.] - ETA: 0s
94658560/94653016 [==============================] - 1s 0us/step
WARNING:tensorflow:From /home/work/anaconda3/lib/python3.6/site-packages/tensorflow/python/ops/math_ops.py:3066: to_int32 (from tensorflow.python.ops.math_ops) is deprecated and will be removed in a future version.
Instructions for updating:
Use tf.cast instead.
Epoch 1/6

 1/26 [>.............................] - ETA: 16:07 - loss: 6.0702 - acc: 0.0078
 2/26 [=>............................] - ETA: 9:26 - loss: 6.0618 - acc: 0.0200 
 3/26 [==>...........................] - ETA: 10:05 - loss: 5.9429 - acc: 0.0316
 4/26 [===>..........................] - ETA: 10:10 - loss: 5.9294 - acc: 0.0354
 5/26 [====>.........................] - ETA: 10:02 - loss: 5.8219 - acc: 0.0440
 6/26 [=====>........................] - ETA: 9:47 - loss: 5.7136 - acc: 0.0483 
 7/26 [=======>......................] - ETA: 9:27 - loss: 5.6124 - acc: 0.0526
 8/26 [========>.....................] - ETA: 9:03 - loss: 5.5064 - acc: 0.0577
 9/26 [=========>....................] - ETA: 8:37 - loss: 5.3499 - acc: 0.0661
10/26 [==========>...................] - ETA: 8:11 - loss: 5.2186 - acc: 0.0728
11/26 [===========>..................] - ETA: 7:45 - loss: 5.1040 - acc: 0.0825
12/26 [============>.................] - ETA: 7:17 - loss: 4.9885 - acc: 0.0945
13/26 [==============>...............] - ETA: 6:47 - loss: 4.8331 - acc: 0.1101
14/26 [===============>..............] - ETA: 6:17 - loss: 4.7317 - acc: 0.1206
15/26 [================>.............] - ETA: 5:48 - loss: 4.6188 - acc: 0.1318
16/26 [=================>............] - ETA: 5:17 - loss: 4.5011 - acc: 0.1456
17/26 [==================>...........] - ETA: 4:46 - loss: 4.3789 - acc: 0.1591
18/26 [===================>..........] - ETA: 4:15 - loss: 4.2777 - acc: 0.1732
19/26 [====================>.........] - ETA: 3:44 - loss: 4.1720 - acc: 0.1863
20/26 [======================>.......] - ETA: 3:12 - loss: 4.0944 - acc: 0.1958
21/26 [=======================>......] - ETA: 2:40 - loss: 4.0122 - acc: 0.2073
22/26 [========================>.....] - ETA: 2:08 - loss: 3.9236 - acc: 0.2206
23/26 [=========================>....] - ETA: 1:36 - loss: 3.8435 - acc: 0.2307
24/26 [==========================>...] - ETA: 1:03 - loss: 3.7581 - acc: 0.2455
25/26 [===========================>..] - ETA: 31s - loss: 3.6904 - acc: 0.2544 
26/26 [==============================] - 984s 38s/step - loss: 3.6123 - acc: 0.2665 - val_loss: 1.6378 - val_acc: 0.5920
save weights file /cache/model_snapshots/weights_000_0.5920.h5
Epoch 2/6

 1/26 [>.............................] - ETA: 13:45 - loss: 0.4846 - acc: 0.8828
 2/26 [=>............................] - ETA: 13:19 - loss: 0.5649 - acc: 0.8477
 3/26 [==>...........................] - ETA: 12:36 - loss: 0.6553 - acc: 0.8229
 4/26 [===>..........................] - ETA: 9:48 - loss: 0.6866 - acc: 0.8107 
 5/26 [====>.........................] - ETA: 9:42 - loss: 0.6394 - acc: 0.8220
 6/26 [=====>........................] - ETA: 9:29 - loss: 0.5925 - acc: 0.8348
 7/26 [=======>......................] - ETA: 9:11 - loss: 0.5635 - acc: 0.8439
 8/26 [========>.....................] - ETA: 8:47 - loss: 0.5365 - acc: 0.8526
 9/26 [=========>....................] - ETA: 8:21 - loss: 0.5186 - acc: 0.8569
10/26 [==========>...................] - ETA: 7:55 - loss: 0.5016 - acc: 0.8610
11/26 [===========>..................] - ETA: 7:27 - loss: 0.4772 - acc: 0.8673
12/26 [============>.................] - ETA: 6:59 - loss: 0.4678 - acc: 0.8699
13/26 [==============>...............] - ETA: 6:31 - loss: 0.4695 - acc: 0.8696
14/26 [===============>..............] - ETA: 6:02 - loss: 0.4581 - acc: 0.8700
15/26 [================>.............] - ETA: 5:32 - loss: 0.4534 - acc: 0.8714
16/26 [=================>............] - ETA: 5:02 - loss: 0.4437 - acc: 0.8741
17/26 [==================>...........] - ETA: 4:32 - loss: 0.4365 - acc: 0.8760
18/26 [===================>..........] - ETA: 4:02 - loss: 0.4250 - acc: 0.8785
19/26 [====================>.........] - ETA: 3:32 - loss: 0.4126 - acc: 0.8816
20/26 [======================>.......] - ETA: 3:02 - loss: 0.4110 - acc: 0.8809
21/26 [=======================>......] - ETA: 2:31 - loss: 0.4010 - acc: 0.8832
22/26 [========================>.....] - ETA: 2:01 - loss: 0.3925 - acc: 0.8850
23/26 [=========================>....] - ETA: 1:31 - loss: 0.3849 - acc: 0.8883
24/26 [==========================>...] - ETA: 1:00 - loss: 0.3792 - acc: 0.8903
25/26 [===========================>..] - ETA: 30s - loss: 0.3814 - acc: 0.8916 
26/26 [==============================] - 939s 36s/step - loss: 0.3751 - acc: 0.8929 - val_loss: 1.0436 - val_acc: 0.7180
Epoch 3/6

 1/26 [>.............................] - ETA: 13:04 - loss: 0.0325 - acc: 1.0000
 2/26 [=>............................] - ETA: 12:33 - loss: 0.0366 - acc: 1.0000
 3/26 [==>...........................] - ETA: 12:02 - loss: 0.0431 - acc: 0.9974
 4/26 [===>..........................] - ETA: 11:30 - loss: 0.0393 - acc: 0.9961
 5/26 [====>.........................] - ETA: 10:59 - loss: 0.0357 - acc: 0.9969
 6/26 [=====>........................] - ETA: 10:28 - loss: 0.0326 - acc: 0.9974
 7/26 [=======>......................] - ETA: 9:56 - loss: 0.0309 - acc: 0.9978 
 8/26 [========>.....................] - ETA: 9:25 - loss: 0.0285 - acc: 0.9980
 9/26 [=========>....................] - ETA: 8:54 - loss: 0.0272 - acc: 0.9983
10/26 [==========>...................] - ETA: 8:22 - loss: 0.0259 - acc: 0.9984
11/26 [===========>..................] - ETA: 7:19 - loss: 0.0246 - acc: 0.9986
12/26 [============>.................] - ETA: 6:52 - loss: 0.0243 - acc: 0.9987
13/26 [==============>...............] - ETA: 6:25 - loss: 0.0236 - acc: 0.9988
14/26 [===============>..............] - ETA: 5:56 - loss: 0.0232 - acc: 0.9989
15/26 [================>.............] - ETA: 5:28 - loss: 0.0225 - acc: 0.9990
16/26 [=================>............] - ETA: 4:59 - loss: 0.0218 - acc: 0.9990
17/26 [==================>...........] - ETA: 4:29 - loss: 0.0214 - acc: 0.9991
18/26 [===================>..........] - ETA: 4:00 - loss: 0.0209 - acc: 0.9991
19/26 [====================>.........] - ETA: 3:30 - loss: 0.0203 - acc: 0.9992
20/26 [======================>.......] - ETA: 3:00 - loss: 0.0201 - acc: 0.9992
21/26 [=======================>......] - ETA: 2:31 - loss: 0.0201 - acc: 0.9993
22/26 [========================>.....] - ETA: 2:01 - loss: 0.0196 - acc: 0.9993
23/26 [=========================>....] - ETA: 1:31 - loss: 0.0193 - acc: 0.9993
24/26 [==========================>...] - ETA: 1:00 - loss: 0.0200 - acc: 0.9987
25/26 [===========================>..] - ETA: 30s - loss: 0.0196 - acc: 0.9988 
26/26 [==============================] - 948s 36s/step - loss: 0.0192 - acc: 0.9988 - val_loss: 0.8688 - val_acc: 0.7700
Epoch 4/6

 1/26 [>.............................] - ETA: 13:37 - loss: 0.0022 - acc: 1.0000
 2/26 [=>............................] - ETA: 13:03 - loss: 0.0025 - acc: 1.0000
 3/26 [==>...........................] - ETA: 12:30 - loss: 0.0023 - acc: 1.0000
 4/26 [===>..........................] - ETA: 11:58 - loss: 0.0029 - acc: 1.0000
 5/26 [====>.........................] - ETA: 11:26 - loss: 0.0027 - acc: 1.0000
 6/26 [=====>........................] - ETA: 10:54 - loss: 0.0027 - acc: 1.0000
 7/26 [=======>......................] - ETA: 10:22 - loss: 0.0027 - acc: 1.0000
 8/26 [========>.....................] - ETA: 9:49 - loss: 0.0026 - acc: 1.0000 
 9/26 [=========>....................] - ETA: 9:16 - loss: 0.0026 - acc: 1.0000
10/26 [==========>...................] - ETA: 8:43 - loss: 0.0026 - acc: 1.0000
11/26 [===========>..................] - ETA: 8:10 - loss: 0.0025 - acc: 1.0000
12/26 [============>.................] - ETA: 7:37 - loss: 0.0024 - acc: 1.0000
13/26 [==============>...............] - ETA: 7:04 - loss: 0.0025 - acc: 1.0000
14/26 [===============>..............] - ETA: 6:32 - loss: 0.0025 - acc: 1.0000
15/26 [================>.............] - ETA: 5:59 - loss: 0.0026 - acc: 1.0000
16/26 [=================>............] - ETA: 5:26 - loss: 0.0026 - acc: 1.0000
17/26 [==================>...........] - ETA: 4:53 - loss: 0.0026 - acc: 1.0000
18/26 [===================>..........] - ETA: 4:20 - loss: 0.0025 - acc: 1.0000
19/26 [====================>.........] - ETA: 3:47 - loss: 0.0025 - acc: 1.0000
20/26 [======================>.......] - ETA: 3:14 - loss: 0.0025 - acc: 1.0000
21/26 [=======================>......] - ETA: 2:42 - loss: 0.0025 - acc: 1.0000
22/26 [========================>.....] - ETA: 2:05 - loss: 0.0027 - acc: 1.0000
23/26 [=========================>....] - ETA: 1:34 - loss: 0.0027 - acc: 1.0000
24/26 [==========================>...] - ETA: 1:02 - loss: 0.0027 - acc: 1.0000
25/26 [===========================>..] - ETA: 31s - loss: 0.0027 - acc: 1.0000 
26/26 [==============================] - 963s 37s/step - loss: 0.0026 - acc: 1.0000 - val_loss: 0.8363 - val_acc: 0.8060
Epoch 5/6

 1/26 [>.............................] - ETA: 13:04 - loss: 5.9904e-04 - acc: 1.0000
 2/26 [=>............................] - ETA: 12:35 - loss: 6.3746e-04 - acc: 1.0000
 3/26 [==>...........................] - ETA: 12:02 - loss: 5.7619e-04 - acc: 1.0000
 4/26 [===>..........................] - ETA: 11:30 - loss: 5.5403e-04 - acc: 1.0000
 5/26 [====>.........................] - ETA: 11:00 - loss: 5.5296e-04 - acc: 1.0000
 6/26 [=====>........................] - ETA: 10:27 - loss: 0.0011 - acc: 1.0000    
 7/26 [=======>......................] - ETA: 9:56 - loss: 0.0010 - acc: 1.0000 
 8/26 [========>.....................] - ETA: 9:25 - loss: 9.1356e-04 - acc: 1.0000
 9/26 [=========>....................] - ETA: 8:53 - loss: 8.7186e-04 - acc: 1.0000
10/26 [==========>...................] - ETA: 8:22 - loss: 8.3651e-04 - acc: 1.0000
11/26 [===========>..................] - ETA: 7:52 - loss: 8.1324e-04 - acc: 1.0000
12/26 [============>.................] - ETA: 7:22 - loss: 8.1343e-04 - acc: 1.0000
13/26 [==============>...............] - ETA: 6:50 - loss: 7.8259e-04 - acc: 1.0000
14/26 [===============>..............] - ETA: 6:18 - loss: 7.5811e-04 - acc: 1.0000
15/26 [================>.............] - ETA: 5:46 - loss: 7.3002e-04 - acc: 1.0000
16/26 [=================>............] - ETA: 5:14 - loss: 6.9600e-04 - acc: 1.0000
17/26 [==================>...........] - ETA: 4:43 - loss: 6.9106e-04 - acc: 1.0000
18/26 [===================>..........] - ETA: 4:11 - loss: 6.6890e-04 - acc: 1.0000
19/26 [====================>.........] - ETA: 3:39 - loss: 7.3652e-04 - acc: 1.0000
20/26 [======================>.......] - ETA: 3:08 - loss: 7.1914e-04 - acc: 1.0000
21/26 [=======================>......] - ETA: 2:36 - loss: 7.1562e-04 - acc: 1.0000
22/26 [========================>.....] - ETA: 2:00 - loss: 7.4621e-04 - acc: 1.0000
23/26 [=========================>....] - ETA: 1:30 - loss: 7.2863e-04 - acc: 1.0000
24/26 [==========================>...] - ETA: 1:00 - loss: 7.1491e-04 - acc: 1.0000
25/26 [===========================>..] - ETA: 30s - loss: 7.0185e-04 - acc: 1.0000 
26/26 [==============================] - 940s 36s/step - loss: 6.9335e-04 - acc: 1.0000 - val_loss: 0.7645 - val_acc: 0.8280
Epoch 6/6

 1/26 [>.............................] - ETA: 13:39 - loss: 1.7078e-04 - acc: 1.0000
 2/26 [=>............................] - ETA: 13:05 - loss: 1.3446e-04 - acc: 1.0000
 3/26 [==>...........................] - ETA: 12:32 - loss: 1.1035e-04 - acc: 1.0000
 4/26 [===>..........................] - ETA: 12:01 - loss: 1.1215e-04 - acc: 1.0000
 5/26 [====>.........................] - ETA: 11:28 - loss: 1.2281e-04 - acc: 1.0000
 6/26 [=====>........................] - ETA: 10:55 - loss: 1.3653e-04 - acc: 1.0000
 7/26 [=======>......................] - ETA: 10:22 - loss: 1.3252e-04 - acc: 1.0000
 8/26 [========>.....................] - ETA: 9:50 - loss: 1.5587e-04 - acc: 1.0000 
 9/26 [=========>....................] - ETA: 9:19 - loss: 2.1773e-04 - acc: 1.0000
10/26 [==========>...................] - ETA: 8:45 - loss: 2.3309e-04 - acc: 1.0000
11/26 [===========>..................] - ETA: 8:12 - loss: 2.3070e-04 - acc: 1.0000
12/26 [============>.................] - ETA: 7:39 - loss: 2.2862e-04 - acc: 1.0000
13/26 [==============>...............] - ETA: 7:07 - loss: 2.2584e-04 - acc: 1.0000
14/26 [===============>..............] - ETA: 6:35 - loss: 2.5381e-04 - acc: 1.0000
15/26 [================>.............] - ETA: 6:02 - loss: 2.4221e-04 - acc: 1.0000
16/26 [=================>............] - ETA: 5:30 - loss: 2.7350e-04 - acc: 1.0000
17/26 [==================>...........] - ETA: 4:56 - loss: 2.6265e-04 - acc: 1.0000
18/26 [===================>..........] - ETA: 4:23 - loss: 2.5509e-04 - acc: 1.0000
19/26 [====================>.........] - ETA: 3:50 - loss: 2.4906e-04 - acc: 1.0000
20/26 [======================>.......] - ETA: 3:17 - loss: 2.4019e-04 - acc: 1.0000
21/26 [=======================>......] - ETA: 2:44 - loss: 2.3299e-04 - acc: 1.0000
22/26 [========================>.....] - ETA: 2:11 - loss: 2.2551e-04 - acc: 1.0000
23/26 [=========================>....] - ETA: 1:38 - loss: 2.2387e-04 - acc: 1.0000
24/26 [==========================>...] - ETA: 1:05 - loss: 2.1916e-04 - acc: 1.0000
25/26 [===========================>..] - ETA: 32s - loss: 2.1480e-04 - acc: 1.0000 
26/26 [==============================] - 990s 38s/step - loss: 2.1061e-04 - acc: 1.0000 - val_loss: 0.7297 - val_acc: 0.8180
save weights file /cache/model_snapshots/weights_005_0.8180.h5
training done!
save events log file to OBS path:  s3://xyz--001/model-test/
WARNING:tensorflow:From /home/work/anaconda3/lib/python3.6/site-packages/tensorflow/python/saved_model/signature_def_utils_impl.py:205: build_tensor_info (from tensorflow.python.saved_model.utils_impl) is deprecated and will be removed in a future version.
Instructions for updating:
This function will only be available through the v1 compatibility library as tf.compat.v1.saved_model.utils.build_tensor_info or tf.compat.v1.saved_model.build_tensor_info.
WARNING:tensorflow:From /cache/user-job-dir/src/save_model.py:52: calling SavedModelBuilder.add_meta_graph_and_variables (from tensorflow.python.saved_model.builder_impl) with legacy_init_op is deprecated and will be removed in a future version.
Instructions for updating:
Pass your op to the equivalent parameter main_op instead.
INFO:tensorflow:No assets to save.
INFO:tensorflow:No assets to write.
INFO:tensorflow:SavedModel written to: /cache/model_snapshots/model/saved_model.pb
save pb to local path success
copy pb to s3://xyz--001/model-test/ success
copy config.json and customize_service.py success
end
